#
# A fatal error has been detected by the Java Runtime Environment:
#
#  EXCEPTION_ACCESS_VIOLATION (0xc0000005) at pc=0x000000005fd94979, pid=3596, tid=4148
#
# JRE version: Java(TM) SE Runtime Environment (7.0_65-b19) (build 1.7.0_65-b19)
# Java VM: Java HotSpot(TM) 64-Bit Server VM (24.65-b04 mixed mode windows-amd64 compressed oops)
# Problematic frame:
# V  [jvm.dll+0x54979]
#
# Failed to write core dump. Minidumps are not enabled by default on client versions of Windows
#
# If you would like to submit a bug report, please visit:
#   http://bugreport.sun.com/bugreport/crash.jsp
#

---------------  T H R E A D  ---------------

Current thread (0x000000000bf5c800):  JavaThread "JDWP Transport Listener: dt_socket" daemon [_thread_in_vm, id=4148, stack(0x000000000cd10000,0x000000000ce10000)]

siginfo: ExceptionCode=0xc0000005, reading address 0x000000000000000c

Registers:
RAX=0x000000000000000c, RBX=0x000000000bf5c800, RCX=0x0000000000000003, RDX=0x0000000000000000
RSP=0x000000000ce0f480, RBP=0x000000000000000c, RSI=0x0000000000000000, RDI=0x0000000000000010
R8 =0x00000007d6e9e940, R9 =0x0000000000000000, R10=0x0000000000000000, R11=0x0000000000000001
R12=0x0000000000000000, R13=0x000000000aa89838, R14=0x0000000000000000, R15=0x0000000000000000
RIP=0x000000005fd94979, EFLAGS=0x0000000000010246

Top of Stack: (sp=0x000000000ce0f480)
0x000000000ce0f480:   000000000bf5c800 0000000000000000
0x000000000ce0f490:   0000000000000000 000000000bf5c800
0x000000000ce0f4a0:   0000000000000000 000000005fe5caa7
0x000000000ce0f4b0:   00000007d6e9e940 000000000ce0f5d0
0x000000000ce0f4c0:   000000000bf64b00 000000000ce0f5a0
0x000000000ce0f4d0:   000000000bf5c800 0000000000000000
0x000000000ce0f4e0:   000000000bf64b00 000000000ce0f5d0
0x000000000ce0f4f0:   0000000000000000 000000000aa89838
0x000000000ce0f500:   0000000000000000 000000006dab7d15
0x000000000ce0f510:   000000000ce0f5a0 000000000ce0f5d0
0x000000000ce0f520:   000000000bf64b00 000000000bf5c9e8
0x000000000ce0f530:   000000000bf9960a 000000006dabf090
0x000000000ce0f540:   000000000a010a01 000000000ce0f640
0x000000000ce0f550:   000000000aa89401 000000000aa89401
0x000000000ce0f560:   000011bb00000013 000000000a010a00
0x000000000ce0f570:   00000000024a6900 000000005fecd3ba 

Instructions: (pc=0x000000005fd94979)
0x000000005fd94959:   d2 48 8b c5 eb 18 48 8b d0 48 8b c5 48 d3 e2 48
0x000000005fd94969:   03 15 41 ff 69 00 eb 06 48 8b 12 48 8b c7 48 98
0x000000005fd94979:   8b 14 10 85 d2 74 2a 45 84 db 4c 63 c6 48 0f 45
0x000000005fd94989:   fd 8d 47 0b 48 63 c8 48 83 e1 f8 48 c1 e9 03 8d 


Register to memory mapping:

RAX=0x000000000000000c is an unknown value
RBX=0x000000000bf5c800 is a thread
RCX=0x0000000000000003 is an unknown value
RDX=0x0000000000000000 is an unknown value
RSP=0x000000000ce0f480 is pointing into the stack for thread: 0x000000000bf5c800
RBP=0x000000000000000c is an unknown value
RSI=0x0000000000000000 is an unknown value
RDI=0x0000000000000010 is an unknown value
R8 =0x00000007d6e9e940 is an oop
java.lang.String 
 - klass: 'java/lang/String'
R9 =0x0000000000000000 is an unknown value
R10=0x0000000000000000 is an unknown value
R11=0x0000000000000001 is an unknown value
R12=0x0000000000000000 is an unknown value
R13=0x000000000aa89838 is an unknown value
R14=0x0000000000000000 is an unknown value
R15=0x0000000000000000 is an unknown value


Stack: [0x000000000cd10000,0x000000000ce10000],  sp=0x000000000ce0f480,  free space=1021k
Native frames: (J=compiled Java code, j=interpreted, Vv=VM code, C=native code)
V  [jvm.dll+0x54979]


---------------  P R O C E S S  ---------------

Java Threads: ( => current thread )
  0x000000000bf8a800 JavaThread "Service Thread" daemon [_thread_blocked, id=11080, stack(0x000000000d500000,0x000000000d600000)]
  0x000000000bf89000 JavaThread "C2 CompilerThread1" daemon [_thread_blocked, id=7316, stack(0x000000000d310000,0x000000000d410000)]
  0x000000000bf7c800 JavaThread "C2 CompilerThread0" daemon [_thread_blocked, id=5356, stack(0x000000000cfa0000,0x000000000d0a0000)]
  0x000000000bf61800 JavaThread "JDWP Command Reader" daemon [_thread_in_native, id=11136, stack(0x000000000d0a0000,0x000000000d1a0000)]
  0x000000000bf61000 JavaThread "JDWP Event Helper Thread" daemon [_thread_blocked, id=8052, stack(0x000000000cb30000,0x000000000cc30000)]
=>0x000000000bf5c800 JavaThread "JDWP Transport Listener: dt_socket" daemon [_thread_in_vm, id=4148, stack(0x000000000cd10000,0x000000000ce10000)]
  0x000000000bf50800 JavaThread "Attach Listener" daemon [_thread_blocked, id=7668, stack(0x000000000c4d0000,0x000000000c5d0000)]
  0x000000000aa88000 JavaThread "Signal Dispatcher" daemon [_thread_blocked, id=10968, stack(0x000000000bd50000,0x000000000be50000)]
  0x000000000aa1a800 JavaThread "Finalizer" daemon [_thread_blocked, id=9860, stack(0x000000000be50000,0x000000000bf50000)]
  0x000000000aa13800 JavaThread "Reference Handler" daemon [_thread_blocked, id=6400, stack(0x000000000bbd0000,0x000000000bcd0000)]
  0x0000000002498000 JavaThread "main" [_thread_blocked, id=8540, stack(0x0000000002850000,0x0000000002950000)]

Other Threads:
  0x000000000aa0e800 VMThread [stack: 0x000000000bac0000,0x000000000bbc0000] [id=1848]
  0x000000000bf94000 WatcherThread [stack: 0x000000000d6a0000,0x000000000d7a0000] [id=3656]

VM state:not at safepoint (normal execution)

VM Mutex/Monitor currently owned by a thread: None

Heap
 PSYoungGen      total 37376K, used 1935K [0x00000007d6e00000, 0x00000007d9780000, 0x0000000800000000)
  eden space 32256K, 6% used [0x00000007d6e00000,0x00000007d6fe3ea8,0x00000007d8d80000)
  from space 5120K, 0% used [0x00000007d9280000,0x00000007d9280000,0x00000007d9780000)
  to   space 5120K, 0% used [0x00000007d8d80000,0x00000007d8d80000,0x00000007d9280000)
 ParOldGen       total 83968K, used 0K [0x0000000784a00000, 0x0000000789c00000, 0x00000007d6e00000)
  object space 83968K, 0% used [0x0000000784a00000,0x0000000784a00000,0x0000000789c00000)
 PSPermGen       total 21504K, used 2556K [0x000000077f800000, 0x0000000780d00000, 0x0000000784a00000)
  object space 21504K, 11% used [0x000000077f800000,0x000000077fa7f218,0x0000000780d00000)

Card table byte_map: [0x0000000005950000,0x0000000005d60000] byte_map_base: 0x0000000001d54000

Polling page: 0x0000000000320000

Code Cache  [0x0000000002950000, 0x0000000002bc0000, 0x0000000005950000)
 total_blobs=161 nmethods=0 adapters=137 free_code_cache=48774Kb largest_free_block=49945088

Compilation events (0 events):
No events

GC Heap History (0 events):
No events

Deoptimization events (0 events):
No events

Internal exceptions (2 events):
Event: 0.034 Thread 0x0000000002498000 Threw 0x00000007d6e10708 at C:\re\jdk7u65\1313\hotspot\src\share\vm\prims\jni.cpp:3991
Event: 0.254 Thread 0x0000000002498000 Threw 0x00000007d6e995f8 at C:\re\jdk7u65\1313\hotspot\src\share\vm\prims\jvm.cpp:1244

Events (10 events):
Event: 5.433 Executing VM operation: GetCurrentLocation
Event: 5.433 Executing VM operation: GetCurrentLocation done
Event: 5.433 Executing VM operation: ChangeSingleStep
Event: 5.433 Executing VM operation: ChangeSingleStep done
Event: 5.433 Executing VM operation: ChangeSingleStep
Event: 5.433 Executing VM operation: ChangeSingleStep done
Event: 5.490 Executing VM operation: GetOrSetLocal
Event: 5.490 Executing VM operation: GetOrSetLocal done
Event: 5.664 Executing VM operation: GetOrSetLocal
Event: 5.664 Executing VM operation: GetOrSetLocal done


Dynamic libraries:
0x000000013f240000 - 0x000000013f273000 	C:\Program Files\Java\jdk1.7.0_65\bin\javaw.exe
0x0000000076df0000 - 0x0000000076f99000 	C:\Windows\SYSTEM32\ntdll.dll
0x0000000076bd0000 - 0x0000000076cef000 	C:\Windows\system32\kernel32.dll
0x000007fefcea0000 - 0x000007fefcf0c000 	C:\Windows\system32\KERNELBASE.dll
0x000007fefeba0000 - 0x000007fefec7b000 	C:\Windows\system32\ADVAPI32.dll
0x000007fefe3b0000 - 0x000007fefe44f000 	C:\Windows\system32\msvcrt.dll
0x000007fefe390000 - 0x000007fefe3af000 	C:\Windows\SYSTEM32\sechost.dll
0x000007fefd0d0000 - 0x000007fefd1fd000 	C:\Windows\system32\RPCRT4.dll
0x0000000076cf0000 - 0x0000000076dea000 	C:\Windows\system32\USER32.dll
0x000007fefd060000 - 0x000007fefd0c7000 	C:\Windows\system32\GDI32.dll
0x000007fefd200000 - 0x000007fefd20e000 	C:\Windows\system32\LPK.dll
0x000007fefead0000 - 0x000007fefeb99000 	C:\Windows\system32\USP10.dll
0x000007fefb560000 - 0x000007fefb754000 	C:\Windows\WinSxS\amd64_microsoft.windows.common-controls_6595b64144ccf1df_6.0.7601.17514_none_fa396087175ac9ac\COMCTL32.dll
0x000007fefec80000 - 0x000007fefecf1000 	C:\Windows\system32\SHLWAPI.dll
0x000007fefe8a0000 - 0x000007fefe8ce000 	C:\Windows\system32\IMM32.DLL
0x000007fefe790000 - 0x000007fefe899000 	C:\Windows\system32\MSCTF.dll
0x000007fefcae0000 - 0x000007fefcb11000 	C:\Windows\system32\nvinitx.dll
0x000000000f000000 - 0x000000000f006000 	C:\Program Files\NVIDIA Corporation\CoProcManager\_etoured.dll
0x000007fef63a0000 - 0x000007fef63ff000 	C:\Program Files\NVIDIA Corporation\CoProcManager\nvd3d9wrapx.dll
0x000007fefe8d0000 - 0x000007fefeaa7000 	C:\Windows\system32\SETUPAPI.dll
0x000007fefcc00000 - 0x000007fefcc36000 	C:\Windows\system32\CFGMGR32.dll
0x000007fefcf80000 - 0x000007fefd057000 	C:\Windows\system32\OLEAUT32.dll
0x000007fefee90000 - 0x000007feff093000 	C:\Windows\system32\ole32.dll
0x000007fefce80000 - 0x000007fefce9a000 	C:\Windows\system32\DEVOBJ.dll
0x000007fef6350000 - 0x000007fef6396000 	C:\Program Files\NVIDIA Corporation\CoProcManager\nvdxgiwrapx.dll
0x0000000064100000 - 0x00000000641d2000 	C:\Program Files\Java\jdk1.7.0_65\jre\bin\msvcr100.dll
0x000000005fd40000 - 0x0000000060512000 	C:\Program Files\Java\jdk1.7.0_65\jre\bin\server\jvm.dll
0x000007fefb470000 - 0x000007fefb479000 	C:\Windows\system32\WSOCK32.dll
0x000007fefe450000 - 0x000007fefe49d000 	C:\Windows\system32\WS2_32.dll
0x000007fefcf70000 - 0x000007fefcf78000 	C:\Windows\system32\NSI.dll
0x000007fefacc0000 - 0x000007fefacfb000 	C:\Windows\system32\WINMM.dll
0x0000000076fc0000 - 0x0000000076fc7000 	C:\Windows\system32\PSAPI.DLL
0x00000000742e0000 - 0x00000000742ef000 	C:\Program Files\Java\jdk1.7.0_65\jre\bin\verify.dll
0x000000006e290000 - 0x000000006e2b8000 	C:\Program Files\Java\jdk1.7.0_65\jre\bin\java.dll
0x000000006dab0000 - 0x000000006dae5000 	C:\Program Files\Java\jdk1.7.0_65\jre\bin\jdwp.dll
0x00000000742d0000 - 0x00000000742d8000 	C:\Program Files\Java\jdk1.7.0_65\jre\bin\npt.dll
0x000000006e270000 - 0x000000006e285000 	C:\Program Files\Java\jdk1.7.0_65\jre\bin\zip.dll
0x00000000742f0000 - 0x00000000742f9000 	C:\Program Files\Java\jdk1.7.0_65\jre\bin\dt_socket.dll
0x000007fefac60000 - 0x000007fefac75000 	C:\Windows\system32\NLAapi.dll
0x000007fef5050000 - 0x000007fef5065000 	C:\Windows\system32\napinsp.dll
0x000007fef5020000 - 0x000007fef5039000 	C:\Windows\system32\pnrpnsp.dll
0x000007fefc310000 - 0x000007fefc365000 	C:\Windows\System32\mswsock.dll
0x000007fefc190000 - 0x000007fefc1eb000 	C:\Windows\system32\DNSAPI.dll
0x000007fef5010000 - 0x000007fef501b000 	C:\Windows\System32\winrnr.dll
0x000007fef5000000 - 0x000007fef5010000 	C:\Windows\system32\wshbth.dll
0x000007fef8110000 - 0x000007fef813f000 	C:\Program Files\Common Files\Microsoft Shared\Windows Live\WLIDNSP.DLL
0x000000006f2a0000 - 0x000000006f2c6000 	C:\Program Files\Bonjour\mdnsNSP.dll
0x000007fefa7e0000 - 0x000007fefa807000 	C:\Windows\system32\Iphlpapi.DLL
0x000007fefa7d0000 - 0x000007fefa7db000 	C:\Windows\system32\WINNSI.DLL
0x000007fef9da0000 - 0x000007fef9df3000 	C:\Windows\System32\fwpuclnt.dll
0x000007fef7c40000 - 0x000007fef7c48000 	C:\Windows\system32\rasadhlp.dll
0x000007fefbcc0000 - 0x000007fefbcc7000 	C:\Windows\System32\wshtcpip.dll
0x000007fee4100000 - 0x000007fee4225000 	C:\Windows\system32\dbghelp.dll

VM Arguments:
jvm_args: -agentlib:jdwp=transport=dt_socket,suspend=y,address=localhost:59816 -Dfile.encoding=GBK 
java_command: Palindrome
Launcher Type: SUN_STANDARD

Environment Variables:
JAVA_HOME=C:\\Program Files\\Java\\jdk1.7.0_65
CLASSPATH=C:\\Program Files\\Java\\jdk1.7.0_65\lib\tools.jar;C:\\Program Files\\Java\\jdk1.7.0_65\lib\dt.jar;D:\SQLiteJar;D:\ApacheServer\tomcat8\lib\servlet-api.jar
PATH=C:\Program Files\Java\jdk1.7.0_65\jre\bin;C://Program Files//Java//jdk1.7.0_65//bin//../jre/bin/server;C://Program Files//Java//jdk1.7.0_65//bin//../jre/bin;C://Program Files//Java//jdk1.7.0_65//bin//../jre/lib/amd64;D:\java\apache-ant-1.9.4-bin\apache-ant-1.9.4\bin;C:\\Program Files\\Java\\jdk1.7.0_65\\bin\\;E:\play-2.2.2;C:\Program Files\Microsoft SQL Server\110\Tools\Binn\;C:\Program Files (x86)\Lenovo\Access Connections\;C:\Program Files\Intel\WiFi\bin\;C:\Program Files\Common Files\Intel\WirelessCommon\;C:\Windows\system32;C:\Windows;C:\Windows\system32\wbem;E:\minGW\bin;C:\Windows\System32;c:\Program Files (x86)\Common Files\Ulead Systems\MPEG;C:\Program Files\Microsoft\Web Platform Installer\;C:\sqlite;D:\ApacheServer\tomcat8\bin;C:\Program Files (x86)\Windows Kits\8.1\Windows Performance Toolkit\;C:\Program Files\Intel\WiFi\bin\;C:\Program Files\Common Files\Intel\WirelessCommon\;E:\eclipse\eclipse;
USERNAME=yellow
OS=Windows_NT
PROCESSOR_IDENTIFIER=Intel64 Family 6 Model 58 Stepping 9, GenuineIntel



---------------  S Y S T E M  ---------------

OS: Windows 7 , 64 bit Build 7601 Service Pack 1

CPU:total 4 (2 cores per cpu, 2 threads per core) family 6 model 58 stepping 9, cmov, cx8, fxsr, mmx, sse, sse2, sse3, ssse3, sse4.1, sse4.2, popcnt, avx, aes, erms, ht, tsc, tscinvbit, tscinv

Memory: 4k page, physical 8078128k(1377360k free), swap 16154400k(7702932k free)

vm_info: Java HotSpot(TM) 64-Bit Server VM (24.65-b04) for windows-amd64 JRE (1.7.0_65-b19), built on Jul  9 2014 17:47:07 by "java_re" with unknown MS VC++:1600

time: Tue Feb 24 16:36:18 2015
elapsed time: 5 seconds

